[30-Nov-2022 06:20:01 UTC] PHP Notice:  Undefined index: name in /Applications/MAMP/htdocs/todo/login.php on line 4
[30-Nov-2022 06:20:01 UTC] PHP Notice:  Undefined index: password in /Applications/MAMP/htdocs/todo/login.php on line 5
[30-Nov-2022 06:20:01 UTC] PHP Notice:  Undefined index: submit in /Applications/MAMP/htdocs/todo/login.php on line 6
[30-Nov-2022 06:20:05 UTC] PHP Notice:  Undefined index: name in /Applications/MAMP/htdocs/todo/login.php on line 4
[30-Nov-2022 06:20:05 UTC] PHP Notice:  Undefined index: password in /Applications/MAMP/htdocs/todo/login.php on line 5
[30-Nov-2022 06:20:05 UTC] PHP Notice:  Undefined index: submit in /Applications/MAMP/htdocs/todo/login.php on line 6
[30-Nov-2022 06:25:32 UTC] PHP Notice:  Undefined index: name in /Applications/MAMP/htdocs/todo/login.php on line 4
[30-Nov-2022 06:25:32 UTC] PHP Notice:  Undefined index: password in /Applications/MAMP/htdocs/todo/login.php on line 5
[30-Nov-2022 06:25:32 UTC] PHP Notice:  Undefined index: submit in /Applications/MAMP/htdocs/todo/login.php on line 6
[30-Nov-2022 06:25:39 UTC] PHP Fatal error:  Uncaught Error: Call to undefined function db_connect() in /Applications/MAMP/htdocs/todo/login.php:11
Stack trace:
#0 {main}
  thrown in /Applications/MAMP/htdocs/todo/login.php on line 11
[30-Nov-2022 06:25:58 UTC] PHP Fatal error:  Uncaught Error: Call to undefined function db_connect() in /Applications/MAMP/htdocs/todo/login.php:11
Stack trace:
#0 {main}
  thrown in /Applications/MAMP/htdocs/todo/login.php on line 11
[30-Nov-2022 06:26:00 UTC] PHP Notice:  Undefined index: name in /Applications/MAMP/htdocs/todo/login.php on line 4
[30-Nov-2022 06:26:00 UTC] PHP Notice:  Undefined index: password in /Applications/MAMP/htdocs/todo/login.php on line 5
[30-Nov-2022 06:26:00 UTC] PHP Notice:  Undefined index: submit in /Applications/MAMP/htdocs/todo/login.php on line 6
[30-Nov-2022 06:26:05 UTC] PHP Fatal error:  Uncaught Error: Call to undefined function db_connect() in /Applications/MAMP/htdocs/todo/login.php:11
Stack trace:
#0 {main}
  thrown in /Applications/MAMP/htdocs/todo/login.php on line 11
[30-Nov-2022 06:26:07 UTC] PHP Notice:  Undefined index: name in /Applications/MAMP/htdocs/todo/login.php on line 4
[30-Nov-2022 06:26:07 UTC] PHP Notice:  Undefined index: password in /Applications/MAMP/htdocs/todo/login.php on line 5
[30-Nov-2022 06:26:07 UTC] PHP Notice:  Undefined index: submit in /Applications/MAMP/htdocs/todo/login.php on line 6
[30-Nov-2022 06:28:07 UTC] PHP Fatal error:  Uncaught Error: Call to undefined function db_connect() in /Applications/MAMP/htdocs/todo/login.php:11
Stack trace:
#0 {main}
  thrown in /Applications/MAMP/htdocs/todo/login.php on line 11
[30-Nov-2022 06:30:50 UTC] PHP Notice:  Undefined index: name in /Applications/MAMP/htdocs/todo/login.php on line 4
[30-Nov-2022 06:30:50 UTC] PHP Notice:  Undefined index: password in /Applications/MAMP/htdocs/todo/login.php on line 5
[30-Nov-2022 06:30:50 UTC] PHP Notice:  Undefined index: submit in /Applications/MAMP/htdocs/todo/login.php on line 6
[30-Nov-2022 06:35:08 UTC] PHP Notice:  Undefined index: name in /Applications/MAMP/htdocs/todo/login.php on line 4
[30-Nov-2022 06:35:08 UTC] PHP Notice:  Undefined index: password in /Applications/MAMP/htdocs/todo/login.php on line 5
[30-Nov-2022 06:35:08 UTC] PHP Notice:  Undefined index: submit in /Applications/MAMP/htdocs/todo/login.php on line 6
[30-Nov-2022 06:35:39 UTC] PHP Notice:  Undefined index: name in /Applications/MAMP/htdocs/todo/login.php on line 4
[30-Nov-2022 06:35:39 UTC] PHP Notice:  Undefined index: password in /Applications/MAMP/htdocs/todo/login.php on line 5
[30-Nov-2022 06:35:39 UTC] PHP Notice:  Undefined index: submit in /Applications/MAMP/htdocs/todo/login.php on line 6
[30-Nov-2022 06:39:03 UTC] PHP Notice:  Undefined index: name in /Applications/MAMP/htdocs/todo/login.php on line 4
[30-Nov-2022 06:39:03 UTC] PHP Notice:  Undefined index: password in /Applications/MAMP/htdocs/todo/login.php on line 5
[30-Nov-2022 06:39:03 UTC] PHP Notice:  Undefined index: submit in /Applications/MAMP/htdocs/todo/login.php on line 6
[30-Nov-2022 06:40:11 UTC] PHP Parse error:  syntax error, unexpected ')' in /Applications/MAMP/htdocs/todo/todo.php on line 41
[30-Nov-2022 06:40:14 UTC] PHP Parse error:  syntax error, unexpected ')' in /Applications/MAMP/htdocs/todo/todo.php on line 41
[30-Nov-2022 06:40:22 UTC] PHP Notice:  Undefined index: name in /Applications/MAMP/htdocs/todo/login.php on line 4
[30-Nov-2022 06:40:22 UTC] PHP Notice:  Undefined index: password in /Applications/MAMP/htdocs/todo/login.php on line 5
[30-Nov-2022 06:40:22 UTC] PHP Notice:  Undefined index: submit in /Applications/MAMP/htdocs/todo/login.php on line 6
[30-Nov-2022 06:40:35 UTC] PHP Parse error:  syntax error, unexpected ')' in /Applications/MAMP/htdocs/todo/todo.php on line 41
[30-Nov-2022 06:58:30 UTC] PHP Notice:  Undefined variable: data in /Applications/MAMP/htdocs/todo/todo.php on line 38
[30-Nov-2022 06:58:30 UTC] PHP Notice:  Trying to access array offset on value of type null in /Applications/MAMP/htdocs/todo/todo.php on line 38
[30-Nov-2022 06:58:30 UTC] PHP Notice:  Undefined variable: data in /Applications/MAMP/htdocs/todo/todo.php on line 39
[30-Nov-2022 06:58:30 UTC] PHP Notice:  Trying to access array offset on value of type null in /Applications/MAMP/htdocs/todo/todo.php on line 39
[30-Nov-2022 06:58:30 UTC] PHP Notice:  Undefined variable: data in /Applications/MAMP/htdocs/todo/todo.php on line 40
[30-Nov-2022 06:58:30 UTC] PHP Notice:  Trying to access array offset on value of type null in /Applications/MAMP/htdocs/todo/todo.php on line 40
[30-Nov-2022 06:58:30 UTC] PHP Notice:  Undefined variable: data in /Applications/MAMP/htdocs/todo/todo.php on line 41
[30-Nov-2022 06:58:30 UTC] PHP Notice:  Trying to access array offset on value of type null in /Applications/MAMP/htdocs/todo/todo.php on line 41
[30-Nov-2022 07:07:08 UTC] PHP Notice:  Undefined index: title in /Applications/MAMP/htdocs/todo/create.php on line 4
[30-Nov-2022 07:07:08 UTC] PHP Notice:  Undefined index: content in /Applications/MAMP/htdocs/todo/create.php on line 5
[30-Nov-2022 07:07:08 UTC] PHP Notice:  Undefined index: submit in /Applications/MAMP/htdocs/todo/create.php on line 6
[30-Nov-2022 07:07:57 UTC] PHP Notice:  Undefined index: title in /Applications/MAMP/htdocs/todo/create.php on line 4
[30-Nov-2022 07:07:57 UTC] PHP Notice:  Undefined index: content in /Applications/MAMP/htdocs/todo/create.php on line 5
[30-Nov-2022 07:07:57 UTC] PHP Notice:  Undefined index: submit in /Applications/MAMP/htdocs/todo/create.php on line 6
[30-Nov-2022 07:07:58 UTC] PHP Notice:  Undefined index: title in /Applications/MAMP/htdocs/todo/create.php on line 4
[30-Nov-2022 07:07:58 UTC] PHP Notice:  Undefined index: content in /Applications/MAMP/htdocs/todo/create.php on line 5
[30-Nov-2022 07:07:58 UTC] PHP Notice:  Undefined index: submit in /Applications/MAMP/htdocs/todo/create.php on line 6
[30-Nov-2022 07:07:58 UTC] PHP Notice:  Undefined index: title in /Applications/MAMP/htdocs/todo/create.php on line 4
[30-Nov-2022 07:07:58 UTC] PHP Notice:  Undefined index: content in /Applications/MAMP/htdocs/todo/create.php on line 5
[30-Nov-2022 07:07:58 UTC] PHP Notice:  Undefined index: submit in /Applications/MAMP/htdocs/todo/create.php on line 6
[30-Nov-2022 07:08:48 UTC] PHP Notice:  Undefined index: title in /Applications/MAMP/htdocs/todo/create.php on line 4
[30-Nov-2022 07:08:48 UTC] PHP Notice:  Undefined index: content in /Applications/MAMP/htdocs/todo/create.php on line 5
[30-Nov-2022 07:08:48 UTC] PHP Notice:  Undefined index: submit in /Applications/MAMP/htdocs/todo/create.php on line 6
[30-Nov-2022 07:09:51 UTC] PHP Notice:  Undefined index: title in /Applications/MAMP/htdocs/todo/create.php on line 4
[30-Nov-2022 07:09:51 UTC] PHP Notice:  Undefined index: content in /Applications/MAMP/htdocs/todo/create.php on line 5
[30-Nov-2022 07:09:51 UTC] PHP Notice:  Undefined index: submit in /Applications/MAMP/htdocs/todo/create.php on line 6
[30-Nov-2022 07:11:23 UTC] PHP Notice:  Undefined index: title in /Applications/MAMP/htdocs/todo/create.php on line 4
[30-Nov-2022 07:11:23 UTC] PHP Notice:  Undefined index: content in /Applications/MAMP/htdocs/todo/create.php on line 5
[30-Nov-2022 07:11:23 UTC] PHP Notice:  Undefined index: submit in /Applications/MAMP/htdocs/todo/create.php on line 6
[30-Nov-2022 07:12:58 UTC] PHP Notice:  Undefined index: title in /Applications/MAMP/htdocs/todo/create.php on line 4
[30-Nov-2022 07:12:58 UTC] PHP Notice:  Undefined index: content in /Applications/MAMP/htdocs/todo/create.php on line 5
[30-Nov-2022 07:12:58 UTC] PHP Notice:  Undefined index: submit in /Applications/MAMP/htdocs/todo/create.php on line 6
[30-Nov-2022 07:13:08 UTC] PHP Notice:  Undefined index: title in /Applications/MAMP/htdocs/todo/create.php on line 4
[30-Nov-2022 07:13:08 UTC] PHP Notice:  Undefined index: content in /Applications/MAMP/htdocs/todo/create.php on line 5
[30-Nov-2022 07:13:08 UTC] PHP Notice:  Undefined index: submit in /Applications/MAMP/htdocs/todo/create.php on line 6
[30-Nov-2022 08:02:14 UTC] PHP Fatal error:  Cannot redeclare dbConnect() (previously declared in /Applications/MAMP/htdocs/todo/db_connect.php:5) in /Applications/MAMP/htdocs/todo/db_connect.php on line 3
[30-Nov-2022 08:03:41 UTC] PHP Notice:  Undefined index: id in /Applications/MAMP/htdocs/todo/delete.php on line 4
[30-Nov-2022 08:04:20 UTC] PHP Notice:  Undefined index: id in /Applications/MAMP/htdocs/todo/delete.php on line 4
[30-Nov-2022 08:04:41 UTC] PHP Notice:  Undefined index: name in /Applications/MAMP/htdocs/todo/login.php on line 4
[30-Nov-2022 08:04:41 UTC] PHP Notice:  Undefined index: password in /Applications/MAMP/htdocs/todo/login.php on line 5
[30-Nov-2022 08:04:41 UTC] PHP Notice:  Undefined index: submit in /Applications/MAMP/htdocs/todo/login.php on line 6
[30-Nov-2022 08:04:46 UTC] PHP Notice:  Undefined index: id in /Applications/MAMP/htdocs/todo/delete.php on line 4
[30-Nov-2022 08:05:01 UTC] PHP Notice:  Undefined index: id in /Applications/MAMP/htdocs/todo/delete.php on line 4
[30-Nov-2022 08:05:03 UTC] PHP Notice:  Undefined index: id in /Applications/MAMP/htdocs/todo/delete.php on line 4
[30-Nov-2022 08:05:04 UTC] PHP Notice:  Undefined index: id in /Applications/MAMP/htdocs/todo/delete.php on line 4
[30-Nov-2022 08:05:04 UTC] PHP Notice:  Undefined index: id in /Applications/MAMP/htdocs/todo/delete.php on line 4
[30-Nov-2022 08:06:03 UTC] PHP Notice:  Undefined index: id in /Applications/MAMP/htdocs/todo/delete.php on line 4
[30-Nov-2022 08:06:03 UTC] PHP Notice:  Undefined index: id in /Applications/MAMP/htdocs/todo/delete.php on line 4
[30-Nov-2022 08:06:03 UTC] PHP Notice:  Undefined index: id in /Applications/MAMP/htdocs/todo/delete.php on line 4
[30-Nov-2022 08:06:03 UTC] PHP Notice:  Undefined index: id in /Applications/MAMP/htdocs/todo/delete.php on line 4
[30-Nov-2022 08:06:04 UTC] PHP Notice:  Undefined index: id in /Applications/MAMP/htdocs/todo/delete.php on line 4
[30-Nov-2022 08:06:04 UTC] PHP Notice:  Undefined index: id in /Applications/MAMP/htdocs/todo/delete.php on line 4
[30-Nov-2022 08:07:09 UTC] PHP Notice:  Undefined index: id in /Applications/MAMP/htdocs/todo/delete.php on line 4
[30-Nov-2022 08:07:10 UTC] PHP Notice:  Undefined index: id in /Applications/MAMP/htdocs/todo/delete.php on line 4
[30-Nov-2022 08:07:11 UTC] PHP Notice:  Undefined index: id in /Applications/MAMP/htdocs/todo/delete.php on line 4
[30-Nov-2022 08:07:11 UTC] PHP Notice:  Undefined index: id in /Applications/MAMP/htdocs/todo/delete.php on line 4
[30-Nov-2022 08:07:11 UTC] PHP Notice:  Undefined index: id in /Applications/MAMP/htdocs/todo/delete.php on line 4
[30-Nov-2022 08:08:44 UTC] PHP Notice:  Undefined index: title in /Applications/MAMP/htdocs/todo/create.php on line 4
[30-Nov-2022 08:08:44 UTC] PHP Notice:  Undefined index: content in /Applications/MAMP/htdocs/todo/create.php on line 5
[30-Nov-2022 08:08:44 UTC] PHP Notice:  Undefined index: submit in /Applications/MAMP/htdocs/todo/create.php on line 6
[30-Nov-2022 08:56:56 UTC] PHP Notice:  Undefined index: title in /Applications/MAMP/htdocs/todo/create.php on line 4
[30-Nov-2022 08:56:56 UTC] PHP Notice:  Undefined index: content in /Applications/MAMP/htdocs/todo/create.php on line 5
[30-Nov-2022 08:56:56 UTC] PHP Notice:  Undefined index: submit in /Applications/MAMP/htdocs/todo/create.php on line 6
[30-Nov-2022 09:02:44 UTC] PHP Notice:  Undefined variable: row in /Applications/MAMP/htdocs/todo/edit.php on line 18
[30-Nov-2022 09:02:44 UTC] PHP Notice:  Trying to access array offset on value of type null in /Applications/MAMP/htdocs/todo/edit.php on line 18
[30-Nov-2022 09:02:44 UTC] PHP Notice:  Undefined variable: row in /Applications/MAMP/htdocs/todo/edit.php on line 19
[30-Nov-2022 09:02:44 UTC] PHP Notice:  Trying to access array offset on value of type null in /Applications/MAMP/htdocs/todo/edit.php on line 19
[30-Nov-2022 09:04:38 UTC] PHP Notice:  Undefined variable: row in /Applications/MAMP/htdocs/todo/edit.php on line 18
[30-Nov-2022 09:04:38 UTC] PHP Notice:  Trying to access array offset on value of type null in /Applications/MAMP/htdocs/todo/edit.php on line 18
[30-Nov-2022 09:04:38 UTC] PHP Notice:  Undefined variable: row in /Applications/MAMP/htdocs/todo/edit.php on line 19
[30-Nov-2022 09:04:38 UTC] PHP Notice:  Trying to access array offset on value of type null in /Applications/MAMP/htdocs/todo/edit.php on line 19
[30-Nov-2022 09:07:22 UTC] PHP Notice:  Undefined variable: row in /Applications/MAMP/htdocs/todo/edit.php on line 18
[30-Nov-2022 09:07:22 UTC] PHP Notice:  Trying to access array offset on value of type null in /Applications/MAMP/htdocs/todo/edit.php on line 18
[30-Nov-2022 09:07:22 UTC] PHP Notice:  Undefined variable: row in /Applications/MAMP/htdocs/todo/edit.php on line 19
[30-Nov-2022 09:07:22 UTC] PHP Notice:  Trying to access array offset on value of type null in /Applications/MAMP/htdocs/todo/edit.php on line 19
[30-Nov-2022 09:07:26 UTC] PHP Notice:  Undefined variable: row in /Applications/MAMP/htdocs/todo/edit.php on line 18
[30-Nov-2022 09:07:26 UTC] PHP Notice:  Trying to access array offset on value of type null in /Applications/MAMP/htdocs/todo/edit.php on line 18
[30-Nov-2022 09:07:26 UTC] PHP Notice:  Undefined variable: row in /Applications/MAMP/htdocs/todo/edit.php on line 19
[30-Nov-2022 09:07:26 UTC] PHP Notice:  Trying to access array offset on value of type null in /Applications/MAMP/htdocs/todo/edit.php on line 19
[30-Nov-2022 09:08:09 UTC] PHP Notice:  Undefined variable: row in /Applications/MAMP/htdocs/todo/edit.php on line 18
[30-Nov-2022 09:08:09 UTC] PHP Notice:  Trying to access array offset on value of type null in /Applications/MAMP/htdocs/todo/edit.php on line 18
[30-Nov-2022 09:08:09 UTC] PHP Notice:  Undefined variable: row in /Applications/MAMP/htdocs/todo/edit.php on line 19
[30-Nov-2022 09:08:09 UTC] PHP Notice:  Trying to access array offset on value of type null in /Applications/MAMP/htdocs/todo/edit.php on line 19
[30-Nov-2022 09:08:14 UTC] PHP Notice:  Undefined index: id in /Applications/MAMP/htdocs/todo/update.php on line 5
[30-Nov-2022 09:09:01 UTC] PHP Notice:  Undefined index: id in /Applications/MAMP/htdocs/todo/update.php on line 5
[30-Nov-2022 09:09:01 UTC] PHP Notice:  Undefined index: title in /Applications/MAMP/htdocs/todo/update.php on line 6
[30-Nov-2022 09:09:01 UTC] PHP Notice:  Undefined index: content in /Applications/MAMP/htdocs/todo/update.php on line 7
[30-Nov-2022 09:09:01 UTC] PHP Notice:  Undefined index: submit in /Applications/MAMP/htdocs/todo/update.php on line 8
[30-Nov-2022 09:09:07 UTC] PHP Notice:  Undefined variable: row in /Applications/MAMP/htdocs/todo/edit.php on line 18
[30-Nov-2022 09:09:07 UTC] PHP Notice:  Trying to access array offset on value of type null in /Applications/MAMP/htdocs/todo/edit.php on line 18
[30-Nov-2022 09:09:07 UTC] PHP Notice:  Undefined variable: row in /Applications/MAMP/htdocs/todo/edit.php on line 19
[30-Nov-2022 09:09:07 UTC] PHP Notice:  Trying to access array offset on value of type null in /Applications/MAMP/htdocs/todo/edit.php on line 19
[30-Nov-2022 09:09:12 UTC] PHP Notice:  Undefined index: id in /Applications/MAMP/htdocs/todo/update.php on line 5
[30-Nov-2022 09:10:44 UTC] PHP Notice:  Undefined variable: row in /Applications/MAMP/htdocs/todo/edit.php on line 18
[30-Nov-2022 09:10:44 UTC] PHP Notice:  Trying to access array offset on value of type null in /Applications/MAMP/htdocs/todo/edit.php on line 18
[30-Nov-2022 09:10:44 UTC] PHP Notice:  Undefined variable: row in /Applications/MAMP/htdocs/todo/edit.php on line 19
[30-Nov-2022 09:10:44 UTC] PHP Notice:  Trying to access array offset on value of type null in /Applications/MAMP/htdocs/todo/edit.php on line 19
[30-Nov-2022 09:10:47 UTC] PHP Notice:  Undefined variable: row in /Applications/MAMP/htdocs/todo/edit.php on line 18
[30-Nov-2022 09:10:47 UTC] PHP Notice:  Trying to access array offset on value of type null in /Applications/MAMP/htdocs/todo/edit.php on line 18
[30-Nov-2022 09:10:47 UTC] PHP Notice:  Undefined variable: row in /Applications/MAMP/htdocs/todo/edit.php on line 19
[30-Nov-2022 09:10:47 UTC] PHP Notice:  Trying to access array offset on value of type null in /Applications/MAMP/htdocs/todo/edit.php on line 19
[30-Nov-2022 09:12:19 UTC] PHP Notice:  Undefined variable: row in /Applications/MAMP/htdocs/todo/edit.php on line 18
[30-Nov-2022 09:12:19 UTC] PHP Notice:  Trying to access array offset on value of type null in /Applications/MAMP/htdocs/todo/edit.php on line 18
[30-Nov-2022 09:12:19 UTC] PHP Notice:  Undefined variable: row in /Applications/MAMP/htdocs/todo/edit.php on line 19
[30-Nov-2022 09:12:19 UTC] PHP Notice:  Trying to access array offset on value of type null in /Applications/MAMP/htdocs/todo/edit.php on line 19
[30-Nov-2022 09:12:27 UTC] PHP Notice:  Undefined index: id in /Applications/MAMP/htdocs/todo/update.php on line 5
[30-Nov-2022 09:12:30 UTC] PHP Notice:  Undefined variable: row in /Applications/MAMP/htdocs/todo/edit.php on line 18
[30-Nov-2022 09:12:30 UTC] PHP Notice:  Trying to access array offset on value of type null in /Applications/MAMP/htdocs/todo/edit.php on line 18
[30-Nov-2022 09:12:30 UTC] PHP Notice:  Undefined variable: row in /Applications/MAMP/htdocs/todo/edit.php on line 19
[30-Nov-2022 09:12:30 UTC] PHP Notice:  Trying to access array offset on value of type null in /Applications/MAMP/htdocs/todo/edit.php on line 19
[30-Nov-2022 09:14:14 UTC] PHP Notice:  Undefined variable: row in /Applications/MAMP/htdocs/todo/edit.php on line 18
[30-Nov-2022 09:14:14 UTC] PHP Notice:  Trying to access array offset on value of type null in /Applications/MAMP/htdocs/todo/edit.php on line 18
[30-Nov-2022 09:14:14 UTC] PHP Notice:  Undefined variable: row in /Applications/MAMP/htdocs/todo/edit.php on line 19
[30-Nov-2022 09:14:14 UTC] PHP Notice:  Trying to access array offset on value of type null in /Applications/MAMP/htdocs/todo/edit.php on line 19
[30-Nov-2022 09:14:19 UTC] PHP Notice:  Undefined variable: row in /Applications/MAMP/htdocs/todo/edit.php on line 18
[30-Nov-2022 09:14:19 UTC] PHP Notice:  Trying to access array offset on value of type null in /Applications/MAMP/htdocs/todo/edit.php on line 18
[30-Nov-2022 09:14:19 UTC] PHP Notice:  Undefined variable: row in /Applications/MAMP/htdocs/todo/edit.php on line 19
[30-Nov-2022 09:14:19 UTC] PHP Notice:  Trying to access array offset on value of type null in /Applications/MAMP/htdocs/todo/edit.php on line 19
[30-Nov-2022 09:14:21 UTC] PHP Notice:  Undefined index: id in /Applications/MAMP/htdocs/todo/update.php on line 5
[30-Nov-2022 09:14:31 UTC] PHP Notice:  Undefined index: id in /Applications/MAMP/htdocs/todo/update.php on line 5
[30-Nov-2022 09:14:41 UTC] PHP Notice:  Undefined index: id in /Applications/MAMP/htdocs/todo/update.php on line 5
[30-Nov-2022 09:16:57 UTC] PHP Notice:  Undefined variable: row in /Applications/MAMP/htdocs/todo/edit.php on line 18
[30-Nov-2022 09:16:57 UTC] PHP Notice:  Trying to access array offset on value of type null in /Applications/MAMP/htdocs/todo/edit.php on line 18
[30-Nov-2022 09:16:57 UTC] PHP Notice:  Undefined variable: row in /Applications/MAMP/htdocs/todo/edit.php on line 19
[30-Nov-2022 09:16:57 UTC] PHP Notice:  Trying to access array offset on value of type null in /Applications/MAMP/htdocs/todo/edit.php on line 19
[30-Nov-2022 09:17:04 UTC] PHP Notice:  Undefined variable: row in /Applications/MAMP/htdocs/todo/edit.php on line 18
[30-Nov-2022 09:17:04 UTC] PHP Notice:  Trying to access array offset on value of type null in /Applications/MAMP/htdocs/todo/edit.php on line 18
[30-Nov-2022 09:17:04 UTC] PHP Notice:  Undefined variable: row in /Applications/MAMP/htdocs/todo/edit.php on line 19
[30-Nov-2022 09:17:04 UTC] PHP Notice:  Trying to access array offset on value of type null in /Applications/MAMP/htdocs/todo/edit.php on line 19
[30-Nov-2022 09:17:13 UTC] PHP Notice:  Undefined index: id in /Applications/MAMP/htdocs/todo/update.php on line 5
[30-Nov-2022 09:17:13 UTC] PHP Notice:  Undefined index: title in /Applications/MAMP/htdocs/todo/update.php on line 6
[30-Nov-2022 09:17:13 UTC] PHP Notice:  Undefined index: content in /Applications/MAMP/htdocs/todo/update.php on line 7
[30-Nov-2022 09:17:13 UTC] PHP Notice:  Undefined index: submit in /Applications/MAMP/htdocs/todo/update.php on line 8
[30-Nov-2022 09:17:59 UTC] PHP Notice:  Undefined variable: row in /Applications/MAMP/htdocs/todo/edit.php on line 18
[30-Nov-2022 09:17:59 UTC] PHP Notice:  Trying to access array offset on value of type null in /Applications/MAMP/htdocs/todo/edit.php on line 18
[30-Nov-2022 09:17:59 UTC] PHP Notice:  Undefined variable: row in /Applications/MAMP/htdocs/todo/edit.php on line 19
[30-Nov-2022 09:17:59 UTC] PHP Notice:  Trying to access array offset on value of type null in /Applications/MAMP/htdocs/todo/edit.php on line 19
[30-Nov-2022 09:18:05 UTC] PHP Notice:  Undefined variable: row in /Applications/MAMP/htdocs/todo/edit.php on line 18
[30-Nov-2022 09:18:05 UTC] PHP Notice:  Trying to access array offset on value of type null in /Applications/MAMP/htdocs/todo/edit.php on line 18
[30-Nov-2022 09:18:05 UTC] PHP Notice:  Undefined variable: row in /Applications/MAMP/htdocs/todo/edit.php on line 19
[30-Nov-2022 09:18:05 UTC] PHP Notice:  Trying to access array offset on value of type null in /Applications/MAMP/htdocs/todo/edit.php on line 19
[30-Nov-2022 09:18:26 UTC] PHP Notice:  Undefined variable: row in /Applications/MAMP/htdocs/todo/edit.php on line 18
[30-Nov-2022 09:18:26 UTC] PHP Notice:  Trying to access array offset on value of type null in /Applications/MAMP/htdocs/todo/edit.php on line 18
[30-Nov-2022 09:18:26 UTC] PHP Notice:  Undefined variable: row in /Applications/MAMP/htdocs/todo/edit.php on line 19
[30-Nov-2022 09:18:26 UTC] PHP Notice:  Trying to access array offset on value of type null in /Applications/MAMP/htdocs/todo/edit.php on line 19
[30-Nov-2022 09:18:29 UTC] PHP Notice:  Undefined index: id in /Applications/MAMP/htdocs/todo/update.php on line 5
[30-Nov-2022 09:57:19 UTC] PHP Notice:  Undefined index: title in /Applications/MAMP/htdocs/todo/create.php on line 4
[30-Nov-2022 09:57:19 UTC] PHP Notice:  Undefined index: content in /Applications/MAMP/htdocs/todo/create.php on line 5
[30-Nov-2022 09:57:19 UTC] PHP Notice:  Undefined index: submit in /Applications/MAMP/htdocs/todo/create.php on line 6
[30-Nov-2022 09:57:50 UTC] PHP Notice:  Undefined variable: row in /Applications/MAMP/htdocs/todo/edit.php on line 18
[30-Nov-2022 09:57:50 UTC] PHP Notice:  Trying to access array offset on value of type null in /Applications/MAMP/htdocs/todo/edit.php on line 18
[30-Nov-2022 09:57:50 UTC] PHP Notice:  Undefined variable: row in /Applications/MAMP/htdocs/todo/edit.php on line 19
[30-Nov-2022 09:57:50 UTC] PHP Notice:  Trying to access array offset on value of type null in /Applications/MAMP/htdocs/todo/edit.php on line 19
[30-Nov-2022 11:49:49 UTC] PHP Notice:  Undefined index: title in /Applications/MAMP/htdocs/todo/create.php on line 4
[30-Nov-2022 11:49:49 UTC] PHP Notice:  Undefined index: content in /Applications/MAMP/htdocs/todo/create.php on line 5
[30-Nov-2022 11:49:49 UTC] PHP Notice:  Undefined index: submit in /Applications/MAMP/htdocs/todo/create.php on line 6
[30-Nov-2022 11:50:00 UTC] PHP Notice:  Undefined variable: row in /Applications/MAMP/htdocs/todo/edit.php on line 18
[30-Nov-2022 11:50:00 UTC] PHP Notice:  Trying to access array offset on value of type null in /Applications/MAMP/htdocs/todo/edit.php on line 18
[30-Nov-2022 11:50:00 UTC] PHP Notice:  Undefined variable: row in /Applications/MAMP/htdocs/todo/edit.php on line 19
[30-Nov-2022 11:50:00 UTC] PHP Notice:  Trying to access array offset on value of type null in /Applications/MAMP/htdocs/todo/edit.php on line 19
[01-Dec-2022 07:39:39 UTC] PHP Notice:  Undefined index: name in /Applications/MAMP/htdocs/todo/signUp.php on line 7
[01-Dec-2022 07:39:39 UTC] PHP Notice:  Undefined index: password in /Applications/MAMP/htdocs/todo/signUp.php on line 8
[01-Dec-2022 07:39:39 UTC] PHP Notice:  Undefined index: submit in /Applications/MAMP/htdocs/todo/signUp.php on line 9
[01-Dec-2022 07:40:10 UTC] PHP Notice:  Undefined index: name in /Applications/MAMP/htdocs/todo/login.php on line 4
[01-Dec-2022 07:40:10 UTC] PHP Notice:  Undefined index: password in /Applications/MAMP/htdocs/todo/login.php on line 5
[01-Dec-2022 07:40:10 UTC] PHP Notice:  Undefined index: submit in /Applications/MAMP/htdocs/todo/login.php on line 6
[01-Dec-2022 07:43:38 UTC] PHP Notice:  Undefined index: name in /Applications/MAMP/htdocs/todo/signUp.php on line 7
[01-Dec-2022 07:43:38 UTC] PHP Notice:  Undefined index: password in /Applications/MAMP/htdocs/todo/signUp.php on line 8
[01-Dec-2022 07:43:38 UTC] PHP Notice:  Undefined index: submit in /Applications/MAMP/htdocs/todo/signUp.php on line 9
[01-Dec-2022 07:45:47 UTC] PHP Notice:  Undefined index: name in /Applications/MAMP/htdocs/todo/signUp.php on line 7
[01-Dec-2022 07:45:47 UTC] PHP Notice:  Undefined index: password in /Applications/MAMP/htdocs/todo/signUp.php on line 8
[01-Dec-2022 07:45:47 UTC] PHP Notice:  Undefined index: submit in /Applications/MAMP/htdocs/todo/signUp.php on line 9
[01-Dec-2022 07:45:53 UTC] PHP Notice:  Undefined index: name in /Applications/MAMP/htdocs/todo/login.php on line 4
[01-Dec-2022 07:45:53 UTC] PHP Notice:  Undefined index: password in /Applications/MAMP/htdocs/todo/login.php on line 5
[01-Dec-2022 07:45:53 UTC] PHP Notice:  Undefined index: submit in /Applications/MAMP/htdocs/todo/login.php on line 6
[01-Dec-2022 07:46:03 UTC] PHP Notice:  Undefined index: name in /Applications/MAMP/htdocs/todo/signUp.php on line 7
[01-Dec-2022 07:46:03 UTC] PHP Notice:  Undefined index: password in /Applications/MAMP/htdocs/todo/signUp.php on line 8
[01-Dec-2022 07:46:03 UTC] PHP Notice:  Undefined index: submit in /Applications/MAMP/htdocs/todo/signUp.php on line 9
[01-Dec-2022 07:58:06 UTC] PHP Notice:  Undefined index: name in /Applications/MAMP/htdocs/todo/login.php on line 4
[01-Dec-2022 07:58:06 UTC] PHP Notice:  Undefined index: password in /Applications/MAMP/htdocs/todo/login.php on line 5
[01-Dec-2022 07:58:06 UTC] PHP Notice:  Undefined index: submit in /Applications/MAMP/htdocs/todo/login.php on line 6
[01-Dec-2022 08:01:47 UTC] PHP Notice:  Undefined index: name in /Applications/MAMP/htdocs/todo/login.php on line 4
[01-Dec-2022 08:01:47 UTC] PHP Notice:  Undefined index: password in /Applications/MAMP/htdocs/todo/login.php on line 5
[01-Dec-2022 08:01:47 UTC] PHP Notice:  Undefined index: submit in /Applications/MAMP/htdocs/todo/login.php on line 6
[01-Dec-2022 08:02:14 UTC] PHP Notice:  Undefined index: name in /Applications/MAMP/htdocs/todo/login.php on line 4
[01-Dec-2022 08:02:14 UTC] PHP Notice:  Undefined index: password in /Applications/MAMP/htdocs/todo/login.php on line 5
[01-Dec-2022 08:02:14 UTC] PHP Notice:  Undefined index: submit in /Applications/MAMP/htdocs/todo/login.php on line 6
[01-Dec-2022 08:02:43 UTC] PHP Notice:  Undefined index: name in /Applications/MAMP/htdocs/todo/login.php on line 4
[01-Dec-2022 08:02:43 UTC] PHP Notice:  Undefined index: password in /Applications/MAMP/htdocs/todo/login.php on line 5
[01-Dec-2022 08:02:43 UTC] PHP Notice:  Undefined index: submit in /Applications/MAMP/htdocs/todo/login.php on line 6
[01-Dec-2022 08:03:41 UTC] PHP Notice:  Undefined index: name in /Applications/MAMP/htdocs/todo/login.php on line 4
[01-Dec-2022 08:03:41 UTC] PHP Notice:  Undefined index: password in /Applications/MAMP/htdocs/todo/login.php on line 5
[01-Dec-2022 08:03:41 UTC] PHP Notice:  Undefined index: submit in /Applications/MAMP/htdocs/todo/login.php on line 6
[01-Dec-2022 08:03:49 UTC] PHP Notice:  Undefined index: name in /Applications/MAMP/htdocs/todo/signUp.php on line 7
[01-Dec-2022 08:03:49 UTC] PHP Notice:  Undefined index: password in /Applications/MAMP/htdocs/todo/signUp.php on line 8
[01-Dec-2022 08:03:49 UTC] PHP Notice:  Undefined index: submit in /Applications/MAMP/htdocs/todo/signUp.php on line 9
[01-Dec-2022 08:04:00 UTC] PHP Notice:  Undefined index: name in /Applications/MAMP/htdocs/todo/login.php on line 4
[01-Dec-2022 08:04:00 UTC] PHP Notice:  Undefined index: password in /Applications/MAMP/htdocs/todo/login.php on line 5
[01-Dec-2022 08:04:00 UTC] PHP Notice:  Undefined index: submit in /Applications/MAMP/htdocs/todo/login.php on line 6
[01-Dec-2022 08:09:24 UTC] PHP Notice:  Undefined index: name in /Applications/MAMP/htdocs/todo/login.php on line 4
[01-Dec-2022 08:09:24 UTC] PHP Notice:  Undefined index: password in /Applications/MAMP/htdocs/todo/login.php on line 5
[01-Dec-2022 08:09:24 UTC] PHP Notice:  Undefined index: submit in /Applications/MAMP/htdocs/todo/login.php on line 6
[01-Dec-2022 08:09:34 UTC] PHP Notice:  Undefined index: name in /Applications/MAMP/htdocs/todo/login.php on line 4
[01-Dec-2022 08:09:34 UTC] PHP Notice:  Undefined index: password in /Applications/MAMP/htdocs/todo/login.php on line 5
[01-Dec-2022 08:09:34 UTC] PHP Notice:  Undefined index: submit in /Applications/MAMP/htdocs/todo/login.php on line 6
[01-Dec-2022 08:09:48 UTC] PHP Notice:  Undefined index: name in /Applications/MAMP/htdocs/todo/login.php on line 4
[01-Dec-2022 08:09:48 UTC] PHP Notice:  Undefined index: password in /Applications/MAMP/htdocs/todo/login.php on line 5
[01-Dec-2022 08:09:48 UTC] PHP Notice:  Undefined index: submit in /Applications/MAMP/htdocs/todo/login.php on line 6
[01-Dec-2022 08:10:07 UTC] PHP Notice:  Undefined index: name in /Applications/MAMP/htdocs/todo/login.php on line 4
[01-Dec-2022 08:10:07 UTC] PHP Notice:  Undefined index: password in /Applications/MAMP/htdocs/todo/login.php on line 5
[01-Dec-2022 08:10:07 UTC] PHP Notice:  Undefined index: submit in /Applications/MAMP/htdocs/todo/login.php on line 6
[01-Dec-2022 08:10:42 UTC] PHP Notice:  Undefined index: title in /Applications/MAMP/htdocs/todo/create.php on line 4
[01-Dec-2022 08:10:42 UTC] PHP Notice:  Undefined index: content in /Applications/MAMP/htdocs/todo/create.php on line 5
[01-Dec-2022 08:10:42 UTC] PHP Notice:  Undefined index: submit in /Applications/MAMP/htdocs/todo/create.php on line 6
[01-Dec-2022 08:58:26 UTC] PHP Notice:  Undefined index: search in /Applications/MAMP/htdocs/todo/todo.php on line 5
[01-Dec-2022 08:58:26 UTC] PHP Notice:  Undefined index: search_word in /Applications/MAMP/htdocs/todo/todo.php on line 6
[01-Dec-2022 09:00:38 UTC] PHP Notice:  Undefined index: search in /Applications/MAMP/htdocs/todo/todo.php on line 5
[01-Dec-2022 09:00:40 UTC] PHP Notice:  Undefined index: title in /Applications/MAMP/htdocs/todo/create.php on line 4
[01-Dec-2022 09:00:40 UTC] PHP Notice:  Undefined index: content in /Applications/MAMP/htdocs/todo/create.php on line 5
[01-Dec-2022 09:00:40 UTC] PHP Notice:  Undefined index: submit in /Applications/MAMP/htdocs/todo/create.php on line 6
[01-Dec-2022 09:05:50 UTC] PHP Notice:  Undefined index: search in /Applications/MAMP/htdocs/todo/todo.php on line 5
[01-Dec-2022 09:32:31 UTC] PHP Notice:  Undefined index: title in /Applications/MAMP/htdocs/todo/create.php on line 4
[01-Dec-2022 09:32:31 UTC] PHP Notice:  Undefined index: content in /Applications/MAMP/htdocs/todo/create.php on line 5
[01-Dec-2022 09:32:31 UTC] PHP Notice:  Undefined index: submit in /Applications/MAMP/htdocs/todo/create.php on line 6
[01-Dec-2022 09:32:48 UTC] PHP Notice:  Undefined index: search in /Applications/MAMP/htdocs/todo/todo.php on line 5
[01-Dec-2022 09:35:28 UTC] PHP Notice:  Undefined index: search_title in /Applications/MAMP/htdocs/todo/todo.php on line 5
[01-Dec-2022 09:35:28 UTC] PHP Notice:  Undefined index: search_word in /Applications/MAMP/htdocs/todo/todo.php on line 6
[01-Dec-2022 09:37:28 UTC] PHP Notice:  Undefined index: search in /Applications/MAMP/htdocs/todo/todo.php on line 5
[01-Dec-2022 09:37:28 UTC] PHP Notice:  Undefined index: search_word in /Applications/MAMP/htdocs/todo/todo.php on line 6
[01-Dec-2022 09:38:45 UTC] PHP Notice:  Undefined index: search in /Applications/MAMP/htdocs/todo/todo.php on line 5
[01-Dec-2022 09:38:45 UTC] PHP Notice:  Undefined index: search_word in /Applications/MAMP/htdocs/todo/todo.php on line 6
[01-Dec-2022 09:39:02 UTC] PHP Notice:  Undefined index: search in /Applications/MAMP/htdocs/todo/todo.php on line 5
[01-Dec-2022 09:39:02 UTC] PHP Notice:  Undefined index: search_word in /Applications/MAMP/htdocs/todo/todo.php on line 6
[01-Dec-2022 09:39:09 UTC] PHP Notice:  Undefined index: search in /Applications/MAMP/htdocs/todo/todo.php on line 5
[01-Dec-2022 09:39:09 UTC] PHP Notice:  Undefined index: search_word in /Applications/MAMP/htdocs/todo/todo.php on line 6
[01-Dec-2022 09:43:35 UTC] PHP Notice:  Undefined variable: row in /Applications/MAMP/htdocs/todo/edit.php on line 18
[01-Dec-2022 09:43:35 UTC] PHP Notice:  Trying to access array offset on value of type null in /Applications/MAMP/htdocs/todo/edit.php on line 18
[01-Dec-2022 09:43:35 UTC] PHP Notice:  Undefined variable: row in /Applications/MAMP/htdocs/todo/edit.php on line 19
[01-Dec-2022 09:43:35 UTC] PHP Notice:  Trying to access array offset on value of type null in /Applications/MAMP/htdocs/todo/edit.php on line 19
[01-Dec-2022 09:43:38 UTC] PHP Notice:  Undefined index: search in /Applications/MAMP/htdocs/todo/todo.php on line 5
[01-Dec-2022 09:43:38 UTC] PHP Notice:  Undefined index: search_word in /Applications/MAMP/htdocs/todo/todo.php on line 6
[02-Dec-2022 00:46:13 UTC] PHP Notice:  Undefined index: name in /Applications/MAMP/htdocs/todo/login.php on line 4
[02-Dec-2022 00:46:13 UTC] PHP Notice:  Undefined index: password in /Applications/MAMP/htdocs/todo/login.php on line 5
[02-Dec-2022 00:46:13 UTC] PHP Notice:  Undefined index: submit in /Applications/MAMP/htdocs/todo/login.php on line 6
[02-Dec-2022 00:46:26 UTC] PHP Notice:  Undefined index: name in /Applications/MAMP/htdocs/todo/login.php on line 4
[02-Dec-2022 00:46:26 UTC] PHP Notice:  Undefined index: password in /Applications/MAMP/htdocs/todo/login.php on line 5
[02-Dec-2022 00:46:26 UTC] PHP Notice:  Undefined index: submit in /Applications/MAMP/htdocs/todo/login.php on line 6
[02-Dec-2022 03:11:55 UTC] PHP Notice:  Undefined index: search in /Applications/MAMP/htdocs/todo/todo.php on line 5
[02-Dec-2022 03:11:55 UTC] PHP Notice:  Undefined index: search_word in /Applications/MAMP/htdocs/todo/todo.php on line 6
[02-Dec-2022 03:19:17 UTC] PHP Notice:  Undefined index: search in /Applications/MAMP/htdocs/todo/todo.php on line 5
[02-Dec-2022 03:19:17 UTC] PHP Notice:  Undefined index: search_word in /Applications/MAMP/htdocs/todo/todo.php on line 6
[02-Dec-2022 03:19:24 UTC] PHP Notice:  Undefined index: title in /Applications/MAMP/htdocs/todo/create.php on line 4
[02-Dec-2022 03:19:24 UTC] PHP Notice:  Undefined index: content in /Applications/MAMP/htdocs/todo/create.php on line 5
[02-Dec-2022 03:19:24 UTC] PHP Notice:  Undefined index: submit in /Applications/MAMP/htdocs/todo/create.php on line 6
[02-Dec-2022 03:19:27 UTC] PHP Notice:  Undefined index: search in /Applications/MAMP/htdocs/todo/todo.php on line 5
[02-Dec-2022 03:19:27 UTC] PHP Notice:  Undefined index: search_word in /Applications/MAMP/htdocs/todo/todo.php on line 6
[02-Dec-2022 03:20:07 UTC] PHP Notice:  Undefined variable: row in /Applications/MAMP/htdocs/todo/edit.php on line 18
[02-Dec-2022 03:20:07 UTC] PHP Notice:  Trying to access array offset on value of type null in /Applications/MAMP/htdocs/todo/edit.php on line 18
[02-Dec-2022 03:20:07 UTC] PHP Notice:  Undefined variable: row in /Applications/MAMP/htdocs/todo/edit.php on line 19
[02-Dec-2022 03:20:07 UTC] PHP Notice:  Trying to access array offset on value of type null in /Applications/MAMP/htdocs/todo/edit.php on line 19
[02-Dec-2022 03:20:10 UTC] PHP Notice:  Undefined index: search in /Applications/MAMP/htdocs/todo/todo.php on line 5
[02-Dec-2022 03:20:10 UTC] PHP Notice:  Undefined index: search_word in /Applications/MAMP/htdocs/todo/todo.php on line 6
[02-Dec-2022 03:20:23 UTC] PHP Notice:  Undefined index: search in /Applications/MAMP/htdocs/todo/todo.php on line 5
[02-Dec-2022 03:20:23 UTC] PHP Notice:  Undefined index: search_word in /Applications/MAMP/htdocs/todo/todo.php on line 6
[05-Dec-2022 01:39:27 UTC] PHP Notice:  Undefined index: search in /Applications/MAMP/htdocs/todo/todo.php on line 5
[05-Dec-2022 01:39:27 UTC] PHP Notice:  Undefined index: search_word in /Applications/MAMP/htdocs/todo/todo.php on line 6
[05-Dec-2022 01:40:50 UTC] PHP Notice:  Undefined index: search in /Applications/MAMP/htdocs/todo/todo.php on line 5
[05-Dec-2022 01:40:50 UTC] PHP Notice:  Undefined index: search_word in /Applications/MAMP/htdocs/todo/todo.php on line 6
[05-Dec-2022 01:41:39 UTC] PHP Notice:  Undefined index: title in /Applications/MAMP/htdocs/todo/create.php on line 4
[05-Dec-2022 01:41:39 UTC] PHP Notice:  Undefined index: content in /Applications/MAMP/htdocs/todo/create.php on line 5
[05-Dec-2022 01:41:39 UTC] PHP Notice:  Undefined index: submit in /Applications/MAMP/htdocs/todo/create.php on line 6
[05-Dec-2022 01:42:03 UTC] PHP Notice:  Undefined index: search in /Applications/MAMP/htdocs/todo/todo.php on line 5
[05-Dec-2022 01:42:03 UTC] PHP Notice:  Undefined index: search_word in /Applications/MAMP/htdocs/todo/todo.php on line 6
[05-Dec-2022 01:42:14 UTC] PHP Notice:  Undefined index: title in /Applications/MAMP/htdocs/todo/create.php on line 4
[05-Dec-2022 01:42:14 UTC] PHP Notice:  Undefined index: content in /Applications/MAMP/htdocs/todo/create.php on line 5
[05-Dec-2022 01:42:14 UTC] PHP Notice:  Undefined index: submit in /Applications/MAMP/htdocs/todo/create.php on line 6
[05-Dec-2022 01:42:15 UTC] PHP Notice:  Undefined index: search in /Applications/MAMP/htdocs/todo/todo.php on line 5
[05-Dec-2022 01:42:15 UTC] PHP Notice:  Undefined index: search_word in /Applications/MAMP/htdocs/todo/todo.php on line 6
[05-Dec-2022 01:42:18 UTC] PHP Notice:  Undefined variable: row in /Applications/MAMP/htdocs/todo/edit.php on line 18
[05-Dec-2022 01:42:18 UTC] PHP Notice:  Trying to access array offset on value of type null in /Applications/MAMP/htdocs/todo/edit.php on line 18
[05-Dec-2022 01:42:18 UTC] PHP Notice:  Undefined variable: row in /Applications/MAMP/htdocs/todo/edit.php on line 19
[05-Dec-2022 01:42:18 UTC] PHP Notice:  Trying to access array offset on value of type null in /Applications/MAMP/htdocs/todo/edit.php on line 19
[05-Dec-2022 01:42:25 UTC] PHP Notice:  Undefined index: search in /Applications/MAMP/htdocs/todo/todo.php on line 5
[05-Dec-2022 01:42:25 UTC] PHP Notice:  Undefined index: search_word in /Applications/MAMP/htdocs/todo/todo.php on line 6
[05-Dec-2022 01:42:33 UTC] PHP Notice:  Undefined index: search in /Applications/MAMP/htdocs/todo/todo.php on line 5
[05-Dec-2022 01:42:33 UTC] PHP Notice:  Undefined index: search_word in /Applications/MAMP/htdocs/todo/todo.php on line 6
[05-Dec-2022 01:42:34 UTC] PHP Notice:  Undefined index: search in /Applications/MAMP/htdocs/todo/todo.php on line 5
[05-Dec-2022 01:42:34 UTC] PHP Notice:  Undefined index: search_word in /Applications/MAMP/htdocs/todo/todo.php on line 6
[05-Dec-2022 03:16:25 UTC] PHP Notice:  Undefined index: search in /Applications/MAMP/htdocs/todo/todo.php on line 5
[05-Dec-2022 03:16:25 UTC] PHP Notice:  Undefined index: search_word in /Applications/MAMP/htdocs/todo/todo.php on line 6
[05-Dec-2022 03:16:25 UTC] PHP Notice:  Undefined index: id in /Applications/MAMP/htdocs/todo/todo.php on line 34
[05-Dec-2022 03:16:37 UTC] PHP Notice:  Undefined variable: row in /Applications/MAMP/htdocs/todo/edit.php on line 18
[05-Dec-2022 03:16:37 UTC] PHP Notice:  Trying to access array offset on value of type null in /Applications/MAMP/htdocs/todo/edit.php on line 18
[05-Dec-2022 03:16:37 UTC] PHP Notice:  Undefined variable: row in /Applications/MAMP/htdocs/todo/edit.php on line 19
[05-Dec-2022 03:16:37 UTC] PHP Notice:  Trying to access array offset on value of type null in /Applications/MAMP/htdocs/todo/edit.php on line 19
[05-Dec-2022 03:16:39 UTC] PHP Notice:  Undefined index: search in /Applications/MAMP/htdocs/todo/todo.php on line 5
[05-Dec-2022 03:16:39 UTC] PHP Notice:  Undefined index: search_word in /Applications/MAMP/htdocs/todo/todo.php on line 6
[05-Dec-2022 03:16:39 UTC] PHP Notice:  Undefined index: id in /Applications/MAMP/htdocs/todo/todo.php on line 34
[05-Dec-2022 03:16:44 UTC] PHP Notice:  Undefined index: title in /Applications/MAMP/htdocs/todo/create.php on line 4
[05-Dec-2022 03:16:44 UTC] PHP Notice:  Undefined index: content in /Applications/MAMP/htdocs/todo/create.php on line 5
[05-Dec-2022 03:16:44 UTC] PHP Notice:  Undefined index: submit in /Applications/MAMP/htdocs/todo/create.php on line 6
[05-Dec-2022 03:16:51 UTC] PHP Notice:  Undefined index: search in /Applications/MAMP/htdocs/todo/todo.php on line 5
[05-Dec-2022 03:16:51 UTC] PHP Notice:  Undefined index: search_word in /Applications/MAMP/htdocs/todo/todo.php on line 6
[05-Dec-2022 03:16:51 UTC] PHP Notice:  Undefined index: id in /Applications/MAMP/htdocs/todo/todo.php on line 34
[05-Dec-2022 03:17:11 UTC] PHP Notice:  Undefined index: search in /Applications/MAMP/htdocs/todo/todo.php on line 5
[05-Dec-2022 03:17:11 UTC] PHP Notice:  Undefined index: search_word in /Applications/MAMP/htdocs/todo/todo.php on line 6
[05-Dec-2022 03:17:24 UTC] PHP Notice:  Undefined index: id in /Applications/MAMP/htdocs/todo/todo.php on line 34
[05-Dec-2022 03:17:28 UTC] PHP Notice:  Undefined index: id in /Applications/MAMP/htdocs/todo/todo.php on line 34
[05-Dec-2022 03:17:35 UTC] PHP Notice:  Undefined index: id in /Applications/MAMP/htdocs/todo/todo.php on line 34
[05-Dec-2022 03:42:25 UTC] PHP Notice:  Undefined index: search in /Applications/MAMP/htdocs/todo/todo.php on line 5
[05-Dec-2022 03:42:25 UTC] PHP Notice:  Undefined index: search_word in /Applications/MAMP/htdocs/todo/todo.php on line 6
[05-Dec-2022 03:42:31 UTC] PHP Notice:  Undefined index: search in /Applications/MAMP/htdocs/todo/todo.php on line 5
[05-Dec-2022 03:42:31 UTC] PHP Notice:  Undefined index: search_word in /Applications/MAMP/htdocs/todo/todo.php on line 6
[05-Dec-2022 03:42:54 UTC] PHP Notice:  Undefined index: search in /Applications/MAMP/htdocs/todo/todo.php on line 5
[05-Dec-2022 03:42:54 UTC] PHP Notice:  Undefined index: search_word in /Applications/MAMP/htdocs/todo/todo.php on line 6
[05-Dec-2022 03:42:55 UTC] PHP Notice:  Undefined variable: row in /Applications/MAMP/htdocs/todo/edit.php on line 18
[05-Dec-2022 03:42:55 UTC] PHP Notice:  Trying to access array offset on value of type null in /Applications/MAMP/htdocs/todo/edit.php on line 18
[05-Dec-2022 03:42:55 UTC] PHP Notice:  Undefined variable: row in /Applications/MAMP/htdocs/todo/edit.php on line 19
[05-Dec-2022 03:42:55 UTC] PHP Notice:  Trying to access array offset on value of type null in /Applications/MAMP/htdocs/todo/edit.php on line 19
[05-Dec-2022 03:42:57 UTC] PHP Notice:  Undefined index: search in /Applications/MAMP/htdocs/todo/todo.php on line 5
[05-Dec-2022 03:42:57 UTC] PHP Notice:  Undefined index: search_word in /Applications/MAMP/htdocs/todo/todo.php on line 6
[05-Dec-2022 03:42:59 UTC] PHP Notice:  Undefined variable: row in /Applications/MAMP/htdocs/todo/edit.php on line 18
[05-Dec-2022 03:42:59 UTC] PHP Notice:  Trying to access array offset on value of type null in /Applications/MAMP/htdocs/todo/edit.php on line 18
[05-Dec-2022 03:42:59 UTC] PHP Notice:  Undefined variable: row in /Applications/MAMP/htdocs/todo/edit.php on line 19
[05-Dec-2022 03:42:59 UTC] PHP Notice:  Trying to access array offset on value of type null in /Applications/MAMP/htdocs/todo/edit.php on line 19
[05-Dec-2022 03:43:04 UTC] PHP Notice:  Undefined index: search in /Applications/MAMP/htdocs/todo/todo.php on line 5
[05-Dec-2022 03:43:04 UTC] PHP Notice:  Undefined index: search_word in /Applications/MAMP/htdocs/todo/todo.php on line 6
[05-Dec-2022 03:44:15 UTC] PHP Notice:  Undefined index: search in /Applications/MAMP/htdocs/todo/todo.php on line 5
[05-Dec-2022 03:44:15 UTC] PHP Notice:  Undefined index: search_word in /Applications/MAMP/htdocs/todo/todo.php on line 6
[05-Dec-2022 03:44:17 UTC] PHP Notice:  Undefined variable: row in /Applications/MAMP/htdocs/todo/edit.php on line 18
[05-Dec-2022 03:44:17 UTC] PHP Notice:  Trying to access array offset on value of type null in /Applications/MAMP/htdocs/todo/edit.php on line 18
[05-Dec-2022 03:44:17 UTC] PHP Notice:  Undefined variable: row in /Applications/MAMP/htdocs/todo/edit.php on line 19
[05-Dec-2022 03:44:17 UTC] PHP Notice:  Trying to access array offset on value of type null in /Applications/MAMP/htdocs/todo/edit.php on line 19
[05-Dec-2022 03:45:05 UTC] PHP Notice:  Undefined variable: row in /Applications/MAMP/htdocs/todo/edit.php on line 18
[05-Dec-2022 03:45:05 UTC] PHP Notice:  Trying to access array offset on value of type null in /Applications/MAMP/htdocs/todo/edit.php on line 18
[05-Dec-2022 03:45:05 UTC] PHP Notice:  Undefined variable: row in /Applications/MAMP/htdocs/todo/edit.php on line 19
[05-Dec-2022 03:45:05 UTC] PHP Notice:  Trying to access array offset on value of type null in /Applications/MAMP/htdocs/todo/edit.php on line 19
[05-Dec-2022 03:45:05 UTC] PHP Notice:  Undefined variable: row in /Applications/MAMP/htdocs/todo/edit.php on line 36
[05-Dec-2022 03:45:05 UTC] PHP Notice:  Trying to access array offset on value of type null in /Applications/MAMP/htdocs/todo/edit.php on line 36
[05-Dec-2022 03:45:05 UTC] PHP Notice:  Undefined variable: row in /Applications/MAMP/htdocs/todo/edit.php on line 37
[05-Dec-2022 03:45:05 UTC] PHP Notice:  Trying to access array offset on value of type null in /Applications/MAMP/htdocs/todo/edit.php on line 37
[05-Dec-2022 03:45:48 UTC] PHP Notice:  Undefined index: search in /Applications/MAMP/htdocs/todo/todo.php on line 5
[05-Dec-2022 03:45:48 UTC] PHP Notice:  Undefined index: search_word in /Applications/MAMP/htdocs/todo/todo.php on line 6
[05-Dec-2022 03:45:57 UTC] PHP Notice:  Undefined index: search in /Applications/MAMP/htdocs/todo/todo.php on line 5
[05-Dec-2022 03:45:57 UTC] PHP Notice:  Undefined index: search_word in /Applications/MAMP/htdocs/todo/todo.php on line 6
